e:\gitproject\calculator\test\calculator\calculator\debug\vc120.pdb
e:\gitproject\calculator\test\calculator\calculator\debug\main.obj
e:\gitproject\calculator\test\calculator\calculator\debug\moc_calculator.obj
e:\gitproject\calculator\test\calculator\calculator\debug\calculator.obj
e:\gitproject\calculator\test\calculator\calculator\debug\qrc_calculator.obj
e:\gitproject\calculator\test\calculator\calculator\generatedfiles\debug\moc_calculator.cpp
e:\gitproject\calculator\test\calculator\calculator\generatedfiles\ui_calculator.h
e:\gitproject\calculator\test\calculator\calculator\generatedfiles\qrc_calculator.cpp
e:\gitproject\calculator\test\calculator\win32\debug\calculator.ilk
e:\gitproject\calculator\test\calculator\win32\debug\calculator.exe
e:\gitproject\calculator\test\calculator\win32\debug\calculator.pdb
e:\gitproject\calculator\test\calculator\calculator\debug\calculator.tlog\cl.command.1.tlog
e:\gitproject\calculator\test\calculator\calculator\debug\calculator.tlog\cl.read.1.tlog
e:\gitproject\calculator\test\calculator\calculator\debug\calculator.tlog\cl.write.1.tlog
e:\gitproject\calculator\test\calculator\calculator\debug\calculator.tlog\custombuild.command.1.tlog
e:\gitproject\calculator\test\calculator\calculator\debug\calculator.tlog\custombuild.read.1.tlog
e:\gitproject\calculator\test\calculator\calculator\debug\calculator.tlog\custombuild.write.1.tlog
e:\gitproject\calculator\test\calculator\calculator\debug\calculator.tlog\link.command.1.tlog
e:\gitproject\calculator\test\calculator\calculator\debug\calculator.tlog\link.read.1.tlog
e:\gitproject\calculator\test\calculator\calculator\debug\calculator.tlog\link.write.1.tlog
