生成启动时间为 2023/4/18 22:00:57。
     1>项目“F:\GitProject\Calculator_qt\Calculator\Calculator\Calculator.vcxproj”在节点 2 上(Build 个目标)。
     1>CustomBuild:
         Moc'ing calculator.h...
         Uic'ing calculator.ui...
         Rcc'ing calculator.qrc...
     1>RCC : warning : No resources in 'F:\GitProject\Calculator_qt\Calculator\Calculator\calculator.qrc'.
         
       ClCompile:
         C:\Program Files (x86)\Microsoft Visual Studio 12.0\VC\bin\CL.exe /c /I.\GeneratedFiles /I. /IC:\Qt\Qt5.5.1\5.5\msvc2013\include /I.\GeneratedFiles\Debug /IC:\Qt\Qt5.5.1\5.5\msvc2013\include\QtCore /IC:\Qt\Qt5.5.1\5.5\msvc2013\include\QtGui /IC:\Qt\Qt5.5.1\5.5\msvc2013\include\QtWidgets /Zi /nologo /W1 /WX- /Od /Oy- /D UNICODE /D WIN32 /D WIN64 /D QT_DLL /D QT_CORE_LIB /D QT_GUI_LIB /D QT_WIDGETS_LIB /Gm- /EHsc /MDd /GS /fp:precise /Zc:wchar_t /Zc:forScope /Fo"Debug\\" /Fd"Debug\vc120.pdb" /Gd /TP /analyze- /errorReport:prompt calculator.cpp GeneratedFiles\Debug\moc_calculator.cpp main.cpp
         calculator.cpp
         moc_calculator.cpp
         main.cpp
         正在生成代码...
         C:\Program Files (x86)\Microsoft Visual Studio 12.0\VC\bin\CL.exe /c /I.\GeneratedFiles /I. /IC:\Qt\Qt5.5.1\5.5\msvc2013\include /I.\GeneratedFiles\Debug /IC:\Qt\Qt5.5.1\5.5\msvc2013\include\QtCore /IC:\Qt\Qt5.5.1\5.5\msvc2013\include\QtGui /IC:\Qt\Qt5.5.1\5.5\msvc2013\include\QtWidgets /Zi /nologo /W1 /WX- /Od /Oy- /D UNICODE /D WIN32 /D WIN64 /D QT_DLL /D QT_CORE_LIB /D QT_GUI_LIB /D QT_WIDGETS_LIB /Gm- /EHsc /MDd /GS /fp:precise /Zc:wchar_t /Zc:forScope /Fo"Debug\\" /Fd"Debug\vc120.pdb" /Gd /TP /analyze- /errorReport:prompt GeneratedFiles\qrc_calculator.cpp
         qrc_calculator.cpp
       Link:
         C:\Program Files (x86)\Microsoft Visual Studio 12.0\VC\bin\link.exe /ERRORREPORT:PROMPT /OUT:"F:\GitProject\Calculator_qt\Calculator\Win32\Debug\\Calculator.exe" /NOLOGO /LIBPATH:C:\Qt\Qt5.5.1\5.5\msvc2013\lib qtmaind.lib Qt5Cored.lib Qt5Guid.lib Qt5Widgetsd.lib kernel32.lib user32.lib gdi32.lib winspool.lib comdlg32.lib advapi32.lib shell32.lib ole32.lib oleaut32.lib uuid.lib odbc32.lib odbccp32.lib /MANIFEST /MANIFESTUAC:"level='asInvoker' uiAccess='false'" /manifest:embed /DEBUG /PDB:"F:\GitProject\Calculator_qt\Calculator\Win32\Debug\Calculator.pdb" /SUBSYSTEM:WINDOWS /TLBID:1 /DYNAMICBASE /NXCOMPAT /IMPLIB:"F:\GitProject\Calculator_qt\Calculator\Win32\Debug\Calculator.lib" /MACHINE:X86 /SAFESEH Debug\calculator.obj
         Debug\moc_calculator.obj
         Debug\qrc_calculator.obj
         Debug\main.obj
         Calculator.vcxproj -> F:\GitProject\Calculator_qt\Calculator\Win32\Debug\Calculator.exe
     1>已完成生成项目“F:\GitProject\Calculator_qt\Calculator\Calculator\Calculator.vcxproj”(Build 个目标)的操作。

生成成功。

已用时间 00:00:03.29
